[debug] ----------------------------------------------------------------------
[debug] Command:      /usr/local/Cellar/node/7.4.0/bin/node /usr/local/bin/firebase deploy
[debug] CLI Version:  3.3.0
[debug] Platform:     darwin
[debug] Node Version: v7.4.0
[debug] Time:         Thu Jun 01 2017 22:54:22 GMT-0600 (MDT)
[debug] ----------------------------------------------------------------------
[debug] 
[debug] > command requires scopes: ["email","openid","https://www.googleapis.com/auth/cloudplatformprojects.readonly","https://www.googleapis.com/auth/firebase"]
[debug] > refreshing access token with scopes: ["email","https://www.googleapis.com/auth/cloudplatformprojects.readonly","https://www.googleapis.com/auth/firebase","openid"]
[debug] >>> HTTP REQUEST POST https://www.googleapis.com/oauth2/v3/token { refresh_token: '1/gOchxDyVUVcY3V99re9vgh_QfRMwKqk5hPUiARnaqfFixswDUdDwsMrGHCYN9hKD',
  client_id: '563584335869-fgrhgmd47bqnekij5i8b5pr03ho849e6.apps.googleusercontent.com',
  client_secret: 'j9iVZfS8kkCEFUPaAeJV0sAi',
  grant_type: 'refresh_token',
  scope: 'email https://www.googleapis.com/auth/cloudplatformprojects.readonly https://www.googleapis.com/auth/firebase openid' } 
 Thu Jun 01 2017 22:54:22 GMT-0600 (MDT)
[debug] <<< HTTP RESPONSE 200
[debug] >>> HTTP REQUEST GET https://admin.firebase.com/v1/projects/sara-king  
 Thu Jun 01 2017 22:54:22 GMT-0600 (MDT)
[debug] <<< HTTP RESPONSE 200
[debug] >>> HTTP REQUEST GET https://admin.firebase.com/v1/database/sara-king/tokens  
 Thu Jun 01 2017 22:54:23 GMT-0600 (MDT)
[debug] <<< HTTP RESPONSE 200
[info] 
[info] === Deploying to 'sara-king'...
[info] 
[info] i  deploying hosting
[info] ✔  database: rules ready to deploy.
[info] i  hosting: preparing public directory for upload...
[warn] ⚠  Warning: Public directory does not contain index.html
[debug] >>> HTTP REQUEST PUT https://deploy.firebase.com/v1/hosting/sara-king/uploads/-Klb8skVythi5n6M9BCf?fileCount=23757&message=  
 Thu Jun 01 2017 22:55:28 GMT-0600 (MDT)
[debug] ----------------------------------------------------------------------
[debug] Command:      /usr/local/Cellar/node/7.4.0/bin/node /usr/local/bin/firebase deploy
[debug] CLI Version:  3.3.0
[debug] Platform:     darwin
[debug] Node Version: v7.4.0
[debug] Time:         Thu Jun 01 2017 22:56:15 GMT-0600 (MDT)
[debug] ----------------------------------------------------------------------
[debug] 
[debug] > command requires scopes: ["email","openid","https://www.googleapis.com/auth/cloudplatformprojects.readonly","https://www.googleapis.com/auth/firebase"]
[debug] >>> HTTP REQUEST GET https://admin.firebase.com/v1/projects/sara-king  
 Thu Jun 01 2017 22:56:15 GMT-0600 (MDT)
[debug] <<< HTTP RESPONSE 200
[debug] >>> HTTP REQUEST GET https://admin.firebase.com/v1/database/sara-king/tokens  
 Thu Jun 01 2017 22:56:16 GMT-0600 (MDT)
[debug] <<< HTTP RESPONSE 200
[info] 
[info] === Deploying to 'sara-king'...
[info] 
[info] i  deploying hosting
[info] ✔  database: rules ready to deploy.
[info] i  hosting: preparing public directory for upload...
[warn] ⚠  Warning: Public directory does not contain index.html
[debug] >>> HTTP REQUEST PUT https://deploy.firebase.com/v1/hosting/sara-king/uploads/-Klb9JKn9v0S6xG29iAV?fileCount=23757&message=  
 Thu Jun 01 2017 22:56:44 GMT-0600 (MDT)
